\BOOKMARK [1][-]{section.1}{\376\377\000K\000e\000y\000\040\000F\000i\000n\000d\000i\000n\000g\000s}{}% 1
\BOOKMARK [1][-]{section.2}{\376\377\000I\000n\000t\000r\000o\000d\000u\000c\000t\000i\000o\000n}{}% 2
\BOOKMARK [1][-]{section.3}{\376\377\000M\000o\000t\000i\000v\000a\000t\000i\000o\000n\000\040\000a\000n\000d\000\040\000G\000o\000a\000l\000s}{}% 3
\BOOKMARK [1][-]{section.4}{\376\377\000B\000a\000c\000k\000g\000r\000o\000u\000n\000d}{}% 4
\BOOKMARK [1][-]{section.5}{\376\377\000M\000e\000t\000h\000o\000d\000o\000l\000o\000g\000y}{}% 5
\BOOKMARK [2][-]{subsection.5.1}{\376\377\000D\000e\000v\000e\000l\000o\000p\000m\000e\000n\000t\000\040\000o\000f\000\040\000t\000h\000e\000\040\000G\000M\000I}{section.5}% 6
\BOOKMARK [2][-]{subsection.5.2}{\376\377\000D\000e\000f\000i\000n\000i\000n\000g\000\040\000G\000r\000a\000n\000t\000\040\000M\000a\000t\000u\000r\000i\000t\000y}{section.5}% 7
\BOOKMARK [2][-]{subsection.5.3}{\376\377\000T\000h\000e\000o\000r\000e\000t\000i\000c\000a\000l\000\040\000F\000r\000a\000m\000e\000w\000o\000r\000k}{section.5}% 8
\BOOKMARK [2][-]{subsection.5.4}{\376\377\000Q\000u\000a\000l\000i\000t\000a\000t\000i\000v\000e\000\040\000A\000s\000s\000e\000s\000s\000m\000e\000n\000t\000:\000\040\000S\000e\000l\000f\000-\000A\000s\000s\000e\000s\000s\000m\000e\000n\000t\000\040\000S\000u\000r\000v\000e\000y}{section.5}% 9
\BOOKMARK [2][-]{subsection.5.5}{\376\377\000Q\000u\000a\000n\000t\000i\000t\000a\000t\000i\000v\000e\000\040\000A\000s\000s\000e\000s\000s\000m\000e\000n\000t\000:\000\040\000C\000o\000n\000s\000o\000l\000i\000d\000a\000t\000e\000d\000\040\000M\000e\000t\000r\000i\000c\000s}{section.5}% 10
\BOOKMARK [2][-]{subsection.5.6}{\376\377\000C\000a\000l\000c\000u\000l\000a\000t\000i\000o\000n\000\040\000o\000f\000\040\000t\000h\000e\000\040\000G\000M\000I\000\040\000C\000o\000m\000p\000o\000s\000i\000t\000e\000\040\000I\000n\000d\000e\000x}{section.5}% 11
\BOOKMARK [2][-]{subsection.5.7}{\376\377\000D\000a\000t\000a\000\040\000C\000o\000l\000l\000e\000c\000t\000i\000o\000n\000\040\000a\000n\000d\000\040\000V\000a\000l\000i\000d\000a\000t\000i\000o\000n}{section.5}% 12
\BOOKMARK [1][-]{section.6}{\376\377\000S\000a\000m\000p\000l\000e\000\040\000S\000e\000l\000e\000c\000t\000i\000o\000n}{}% 13
\BOOKMARK [2][-]{subsection.6.1}{\376\377\000A\000r\000b\000i\000t\000r\000u\000m\000'\000s\000\040\000S\000h\000o\000r\000t\000\040\000T\000e\000r\000m\000\040\000I\000n\000c\000e\000n\000t\000i\000v\000e\000\040\000P\000r\000o\000g\000r\000a\000m\000\040\000\050\000S\000T\000I\000P\000\051}{section.6}% 14
\BOOKMARK [2][-]{subsection.6.2}{\376\377\000M\000a\000n\000t\000l\000e\000'\000s\000\040\000G\000r\000a\000n\000t\000s\000\040\000P\000r\000o\000g\000r\000a\000m}{section.6}% 15
\BOOKMARK [2][-]{subsection.6.3}{\376\377\000O\000p\000t\000i\000m\000i\000s\000m\040\031\000s\000\040\000G\000r\000o\000w\000t\000h\000\040\000a\000n\000d\000\040\000E\000x\000p\000e\000r\000i\000m\000e\000n\000t\000\040\000G\000r\000a\000n\000t\000s}{section.6}% 16
\BOOKMARK [2][-]{subsection.6.4}{\376\377\000T\000a\000i\000k\000o\000\040\000G\000r\000a\000n\000t\000\040\000P\000r\000o\000g\000r\000a\000m}{section.6}% 17
\BOOKMARK [1][-]{section.7}{\376\377\000F\000i\000n\000d\000i\000n\000g\000s\000\040\000a\000n\000d\000\040\000I\000n\000s\000i\000g\000h\000t\000s}{}% 18
\BOOKMARK [1][-]{section.8}{\376\377\000P\000r\000o\000g\000r\000a\000m\000\040\000S\000p\000e\000c\000i\000f\000i\000c\000\040\000F\000i\000n\000d\000i\000n\000g\000s}{}% 19
\BOOKMARK [2][-]{subsection.8.1}{\376\377\000A\000r\000b\000i\000t\000r\000u\000m}{section.8}% 20
\BOOKMARK [2][-]{subsection.8.2}{\376\377\000M\000a\000n\000t\000l\000e\000\040\000\050\000B\000i\000t\000D\000A\000O\000\051}{section.8}% 21
\BOOKMARK [2][-]{subsection.8.3}{\376\377\000T\000a\000i\000k\000o\000\040\000L\000a\000b\000s}{section.8}% 22
\BOOKMARK [2][-]{subsection.8.4}{\376\377\000O\000p\000t\000i\000m\000i\000s\000m}{section.8}% 23
\BOOKMARK [1][-]{section.9}{\376\377\000K\000e\000y\000\040\000F\000i\000n\000d\000i\000n\000g\000s\000\040\040\023\000\040\000F\000o\000c\000u\000s\000\040\000A\000r\000e\000a\000s}{}% 24
\BOOKMARK [2][-]{subsection.9.1}{\376\377\000F\000o\000c\000u\000s\000\040\000A\000r\000e\000a\000s\000\040\000a\000n\000d\000\040\000O\000b\000j\000e\000c\000t\000i\000v\000e\000s}{section.9}% 25
\BOOKMARK [3][-]{subsubsection.9.1.1}{\376\377\000C\000h\000a\000l\000l\000e\000n\000g\000e\000s}{subsection.9.1}% 26
\BOOKMARK [3][-]{subsubsection.9.1.2}{\376\377\000F\000i\000n\000d\000i\000n\000g\000s}{subsection.9.1}% 27
\BOOKMARK [3][-]{subsubsection.9.1.3}{\376\377\000R\000e\000c\000o\000m\000m\000e\000n\000d\000a\000t\000i\000o\000n\000s}{subsection.9.1}% 28
\BOOKMARK [2][-]{subsection.9.2}{\376\377\000P\000r\000o\000g\000r\000a\000m\000\040\000S\000t\000r\000u\000c\000t\000u\000r\000e\000\040\000a\000n\000d\000\040\000O\000r\000g\000a\000n\000i\000z\000a\000t\000i\000o\000n}{section.9}% 29
\BOOKMARK [3][-]{subsubsection.9.2.1}{\376\377\000C\000h\000a\000l\000l\000e\000n\000g\000e\000s}{subsection.9.2}% 30
\BOOKMARK [3][-]{subsubsection.9.2.2}{\376\377\000F\000i\000n\000d\000i\000n\000g\000s}{subsection.9.2}% 31
\BOOKMARK [3][-]{subsubsection.9.2.3}{\376\377\000R\000e\000c\000o\000m\000m\000e\000n\000d\000a\000t\000i\000o\000n\000s}{subsection.9.2}% 32
\BOOKMARK [2][-]{subsection.9.3}{\376\377\000G\000o\000v\000e\000r\000n\000a\000n\000c\000e}{section.9}% 33
\BOOKMARK [3][-]{subsubsection.9.3.1}{\376\377\000C\000h\000a\000l\000l\000e\000n\000g\000e\000s}{subsection.9.3}% 34
\BOOKMARK [3][-]{subsubsection.9.3.2}{\376\377\000F\000i\000n\000d\000i\000n\000g\000s}{subsection.9.3}% 35
\BOOKMARK [3][-]{subsubsection.9.3.3}{\376\377\000R\000e\000c\000o\000m\000m\000e\000n\000d\000a\000t\000i\000o\000n\000s}{subsection.9.3}% 36
\BOOKMARK [2][-]{subsection.9.4}{\376\377\000E\000f\000f\000e\000c\000t\000i\000v\000e\000n\000e\000s\000s\000\040\000a\000n\000d\000\040\000I\000m\000p\000a\000c\000t}{section.9}% 37
\BOOKMARK [3][-]{subsubsection.9.4.1}{\376\377\000C\000h\000a\000l\000l\000e\000n\000g\000e\000s}{subsection.9.4}% 38
\BOOKMARK [3][-]{subsubsection.9.4.2}{\376\377\000F\000i\000n\000d\000i\000n\000g\000s}{subsection.9.4}% 39
\BOOKMARK [3][-]{subsubsection.9.4.3}{\376\377\000R\000e\000c\000o\000m\000m\000e\000n\000d\000a\000t\000i\000o\000n\000s}{subsection.9.4}% 40
\BOOKMARK [2][-]{subsection.9.5}{\376\377\000T\000r\000a\000n\000s\000p\000a\000r\000e\000n\000c\000y\000\040\000a\000n\000d\000\040\000A\000c\000c\000o\000u\000n\000t\000a\000b\000i\000l\000i\000t\000y}{section.9}% 41
\BOOKMARK [3][-]{subsubsection.9.5.1}{\376\377\000C\000h\000a\000l\000l\000e\000n\000g\000e\000s}{subsection.9.5}% 42
\BOOKMARK [3][-]{subsubsection.9.5.2}{\376\377\000F\000i\000n\000d\000i\000n\000g\000s}{subsection.9.5}% 43
\BOOKMARK [3][-]{subsubsection.9.5.3}{\376\377\000R\000e\000c\000o\000m\000m\000e\000n\000d\000a\000t\000i\000o\000n\000s}{subsection.9.5}% 44
\BOOKMARK [2][-]{subsection.9.6}{\376\377\000C\000o\000m\000m\000u\000n\000i\000t\000y\000\040\000E\000n\000g\000a\000g\000e\000m\000e\000n\000t}{section.9}% 45
\BOOKMARK [3][-]{subsubsection.9.6.1}{\376\377\000C\000h\000a\000l\000l\000e\000n\000g\000e\000s}{subsection.9.6}% 46
\BOOKMARK [3][-]{subsubsection.9.6.2}{\376\377\000F\000i\000n\000d\000i\000n\000g\000s}{subsection.9.6}% 47
\BOOKMARK [3][-]{subsubsection.9.6.3}{\376\377\000R\000e\000c\000o\000m\000m\000e\000n\000d\000a\000t\000i\000o\000n\000s}{subsection.9.6}% 48
\BOOKMARK [1][-]{section.10}{\376\377\000C\000o\000m\000m\000o\000n\000\040\000C\000h\000a\000l\000l\000e\000n\000g\000e\000s}{}% 49
\BOOKMARK [1][-]{section.11}{\376\377\000L\000i\000m\000i\000t\000a\000t\000i\000o\000n\000s}{}% 50
\BOOKMARK [1][-]{section.12}{\376\377\000C\000o\000n\000c\000l\000u\000s\000i\000o\000n\000\040\000a\000n\000d\000\040\000L\000e\000a\000r\000n\000i\000n\000g\000s}{}% 51
\BOOKMARK [1][-]{appendix.A}{\376\377\000C\000a\000s\000e\000\040\000S\000t\000u\000d\000y\000\040\000C\000o\000m\000p\000a\000r\000i\000s\000o\000n\000\040\040\023\000\040\000M\000a\000n\000t\000l\000e\000,\000\040\000A\000r\000b\000i\000t\000r\000u\000m}{}% 52
\BOOKMARK [2][-]{subsection.A.1}{\376\377\000I\000n\000t\000r\000o\000d\000u\000c\000t\000i\000o\000n}{appendix.A}% 53
\BOOKMARK [2][-]{subsection.A.2}{\376\377\000G\000o\000v\000e\000r\000n\000a\000n\000c\000e\000\040\000S\000t\000r\000u\000c\000t\000u\000r\000e}{appendix.A}% 54
\BOOKMARK [2][-]{subsection.A.3}{\376\377\000C\000o\000m\000m\000u\000n\000i\000t\000y\000\040\000E\000n\000g\000a\000g\000e\000m\000e\000n\000t}{appendix.A}% 55
\BOOKMARK [2][-]{subsection.A.4}{\376\377\000T\000r\000a\000n\000s\000p\000a\000r\000e\000n\000c\000y}{appendix.A}% 56
\BOOKMARK [2][-]{subsection.A.5}{\376\377\000O\000p\000e\000r\000a\000t\000i\000o\000n\000a\000l\000\040\000M\000a\000t\000u\000r\000i\000t\000y}{appendix.A}% 57
\BOOKMARK [2][-]{subsection.A.6}{\376\377\000G\000r\000a\000n\000t\000\040\000A\000l\000l\000o\000c\000a\000t\000i\000o\000n\000\040\000a\000n\000d\000\040\000M\000a\000n\000a\000g\000e\000m\000e\000n\000t}{appendix.A}% 58
\BOOKMARK [2][-]{subsection.A.7}{\376\377\000K\000e\000y\000\040\000L\000e\000a\000r\000n\000i\000n\000g\000s\000\040\000f\000r\000o\000m\000\040\000t\000h\000e\000\040\000C\000a\000s\000e\000\040\000S\000t\000u\000d\000i\000e\000s}{appendix.A}% 59
\BOOKMARK [2][-]{subsection.A.8}{\376\377\000C\000o\000n\000c\000l\000u\000s\000i\000o\000n\000\040\000a\000n\000d\000\040\000C\000o\000m\000p\000a\000r\000a\000t\000i\000v\000e\000\040\000M\000a\000t\000u\000r\000i\000t\000y\000\040\000I\000n\000s\000i\000g\000h\000t\000s}{appendix.A}% 60
\BOOKMARK [2][-]{subsection.A.9}{\376\377\000R\000e\000c\000o\000m\000m\000e\000n\000d\000a\000t\000i\000o\000n\000s\000\040\000f\000o\000r\000\040\000F\000u\000t\000u\000r\000e\000\040\000D\000e\000v\000e\000l\000o\000p\000m\000e\000n\000t}{appendix.A}% 61
\BOOKMARK [1][-]{appendix.B}{\376\377\000I\000n\000d\000i\000c\000a\000t\000o\000r\000s\000\040\000a\000n\000d\000\040\000R\000u\000b\000r\000i\000c\000\040\000S\000c\000o\000r\000e\000s}{}% 62
\BOOKMARK [1][-]{appendix.C}{\376\377\000A\000b\000r\000i\000d\000g\000e\000d\000\040\000G\000M\000I\000\040\000Q\000u\000a\000n\000t\000i\000t\000a\000t\000i\000v\000e\000\040\000S\000c\000o\000r\000i\000n\000g\000\040\000R\000e\000s\000u\000l\000t\000s}{}% 63
